Determining if the pthread_create exist failed with the following output:
Change Dir: /home/krishna/Downloads/final_pkg_ws/build/husky_ur_description/CMakeFiles/CMakeTmp

Run Build Command:"/usr/bin/make" "cmTC_fc1dc/fast"
/usr/bin/make -f CMakeFiles/cmTC_fc1dc.dir/build.make CMakeFiles/cmTC_fc1dc.dir/build
make[1]: Entering directory '/home/krishna/Downloads/final_pkg_ws/build/husky_ur_description/CMakeFiles/CMakeTmp'
Building C object CMakeFiles/cmTC_fc1dc.dir/CheckSymbolExists.c.o
/usr/bin/cc    -o CMakeFiles/cmTC_fc1dc.dir/CheckSymbolExists.c.o   -c /home/krishna/Downloads/final_pkg_ws/build/husky_ur_description/CMakeFiles/CMakeTmp/CheckSymbolExists.c
Linking C executable cmTC_fc1dc
/usr/bin/cmake -E cmake_link_script CMakeFiles/cmTC_fc1dc.dir/link.txt --verbose=1
/usr/bin/cc      -rdynamic CMakeFiles/cmTC_fc1dc.dir/CheckSymbolExists.c.o  -o cmTC_fc1dc 
CMakeFiles/cmTC_fc1dc.dir/CheckSymbolExists.c.o: In function `main':
CheckSymbolExists.c:(.text+0x1b): undefined reference to `pthread_create'
collect2: error: ld returned 1 exit status
CMakeFiles/cmTC_fc1dc.dir/build.make:97: recipe for target 'cmTC_fc1dc' failed
make[1]: *** [cmTC_fc1dc] Error 1
make[1]: Leaving directory '/home/krishna/Downloads/final_pkg_ws/build/husky_ur_description/CMakeFiles/CMakeTmp'
Makefile:126: recipe for target 'cmTC_fc1dc/fast' failed
make: *** [cmTC_fc1dc/fast] Error 2

File /home/krishna/Downloads/final_pkg_ws/build/husky_ur_description/CMakeFiles/CMakeTmp/CheckSymbolExists.c:
/* */
#include <pthread.h>

int main(int argc, char** argv)
{
  (void)argv;
#ifndef pthread_create
  return ((int*)(&pthread_create))[argc];
#else
  (void)argc;
  return 0;
#endif
}

Determining if the function pthread_create exists in the pthreads failed with the following output:
Change Dir: /home/krishna/Downloads/final_pkg_ws/build/husky_ur_description/CMakeFiles/CMakeTmp

Run Build Command:"/usr/bin/make" "cmTC_46f44/fast"
/usr/bin/make -f CMakeFiles/cmTC_46f44.dir/build.make CMakeFiles/cmTC_46f44.dir/build
make[1]: Entering directory '/home/krishna/Downloads/final_pkg_ws/build/husky_ur_description/CMakeFiles/CMakeTmp'
Building C object CMakeFiles/cmTC_46f44.dir/CheckFunctionExists.c.o
/usr/bin/cc   -DCHECK_FUNCTION_EXISTS=pthread_create   -o CMakeFiles/cmTC_46f44.dir/CheckFunctionExists.c.o   -c /usr/share/cmake-3.10/Modules/CheckFunctionExists.c
Linking C executable cmTC_46f44
/usr/bin/cmake -E cmake_link_script CMakeFiles/cmTC_46f44.dir/link.txt --verbose=1
/usr/bin/cc  -DCHECK_FUNCTION_EXISTS=pthread_create    -rdynamic CMakeFiles/cmTC_46f44.dir/CheckFunctionExists.c.o  -o cmTC_46f44 -lpthreads 
/usr/bin/ld: cannot find -lpthreads
collect2: error: ld returned 1 exit status
CMakeFiles/cmTC_46f44.dir/build.make:97: recipe for target 'cmTC_46f44' failed
make[1]: *** [cmTC_46f44] Error 1
make[1]: Leaving directory '/home/krishna/Downloads/final_pkg_ws/build/husky_ur_description/CMakeFiles/CMakeTmp'
Makefile:126: recipe for target 'cmTC_46f44/fast' failed
make: *** [cmTC_46f44/fast] Error 2


