Determining if the pthread_create exist failed with the following output:
Change Dir: /home/krishna/Downloads/final_pkg_ws/build/husky_ur_bringup/CMakeFiles/CMakeTmp

Run Build Command:"/usr/bin/make" "cmTC_49d9d/fast"
/usr/bin/make -f CMakeFiles/cmTC_49d9d.dir/build.make CMakeFiles/cmTC_49d9d.dir/build
make[1]: Entering directory '/home/krishna/Downloads/final_pkg_ws/build/husky_ur_bringup/CMakeFiles/CMakeTmp'
Building C object CMakeFiles/cmTC_49d9d.dir/CheckSymbolExists.c.o
/usr/bin/cc    -o CMakeFiles/cmTC_49d9d.dir/CheckSymbolExists.c.o   -c /home/krishna/Downloads/final_pkg_ws/build/husky_ur_bringup/CMakeFiles/CMakeTmp/CheckSymbolExists.c
Linking C executable cmTC_49d9d
/usr/bin/cmake -E cmake_link_script CMakeFiles/cmTC_49d9d.dir/link.txt --verbose=1
/usr/bin/cc      -rdynamic CMakeFiles/cmTC_49d9d.dir/CheckSymbolExists.c.o  -o cmTC_49d9d 
CMakeFiles/cmTC_49d9d.dir/CheckSymbolExists.c.o: In function `main':
CheckSymbolExists.c:(.text+0x1b): undefined reference to `pthread_create'
collect2: error: ld returned 1 exit status
CMakeFiles/cmTC_49d9d.dir/build.make:97: recipe for target 'cmTC_49d9d' failed
make[1]: *** [cmTC_49d9d] Error 1
make[1]: Leaving directory '/home/krishna/Downloads/final_pkg_ws/build/husky_ur_bringup/CMakeFiles/CMakeTmp'
Makefile:126: recipe for target 'cmTC_49d9d/fast' failed
make: *** [cmTC_49d9d/fast] Error 2

File /home/krishna/Downloads/final_pkg_ws/build/husky_ur_bringup/CMakeFiles/CMakeTmp/CheckSymbolExists.c:
/* */
#include <pthread.h>

int main(int argc, char** argv)
{
  (void)argv;
#ifndef pthread_create
  return ((int*)(&pthread_create))[argc];
#else
  (void)argc;
  return 0;
#endif
}

Determining if the function pthread_create exists in the pthreads failed with the following output:
Change Dir: /home/krishna/Downloads/final_pkg_ws/build/husky_ur_bringup/CMakeFiles/CMakeTmp

Run Build Command:"/usr/bin/make" "cmTC_ae175/fast"
/usr/bin/make -f CMakeFiles/cmTC_ae175.dir/build.make CMakeFiles/cmTC_ae175.dir/build
make[1]: Entering directory '/home/krishna/Downloads/final_pkg_ws/build/husky_ur_bringup/CMakeFiles/CMakeTmp'
Building C object CMakeFiles/cmTC_ae175.dir/CheckFunctionExists.c.o
/usr/bin/cc   -DCHECK_FUNCTION_EXISTS=pthread_create   -o CMakeFiles/cmTC_ae175.dir/CheckFunctionExists.c.o   -c /usr/share/cmake-3.10/Modules/CheckFunctionExists.c
Linking C executable cmTC_ae175
/usr/bin/cmake -E cmake_link_script CMakeFiles/cmTC_ae175.dir/link.txt --verbose=1
/usr/bin/cc  -DCHECK_FUNCTION_EXISTS=pthread_create    -rdynamic CMakeFiles/cmTC_ae175.dir/CheckFunctionExists.c.o  -o cmTC_ae175 -lpthreads 
/usr/bin/ld: cannot find -lpthreads
collect2: error: ld returned 1 exit status
CMakeFiles/cmTC_ae175.dir/build.make:97: recipe for target 'cmTC_ae175' failed
make[1]: *** [cmTC_ae175] Error 1
make[1]: Leaving directory '/home/krishna/Downloads/final_pkg_ws/build/husky_ur_bringup/CMakeFiles/CMakeTmp'
Makefile:126: recipe for target 'cmTC_ae175/fast' failed
make: *** [cmTC_ae175/fast] Error 2


