Determining if the pthread_create exist failed with the following output:
Change Dir: /home/krishna/Downloads/final_pkg_ws/build/husky_pickplace/CMakeFiles/CMakeTmp

Run Build Command:"/usr/bin/make" "cmTC_5ac11/fast"
/usr/bin/make -f CMakeFiles/cmTC_5ac11.dir/build.make CMakeFiles/cmTC_5ac11.dir/build
make[1]: Entering directory '/home/krishna/Downloads/final_pkg_ws/build/husky_pickplace/CMakeFiles/CMakeTmp'
Building C object CMakeFiles/cmTC_5ac11.dir/CheckSymbolExists.c.o
/usr/bin/cc    -o CMakeFiles/cmTC_5ac11.dir/CheckSymbolExists.c.o   -c /home/krishna/Downloads/final_pkg_ws/build/husky_pickplace/CMakeFiles/CMakeTmp/CheckSymbolExists.c
Linking C executable cmTC_5ac11
/usr/bin/cmake -E cmake_link_script CMakeFiles/cmTC_5ac11.dir/link.txt --verbose=1
/usr/bin/cc      -rdynamic CMakeFiles/cmTC_5ac11.dir/CheckSymbolExists.c.o  -o cmTC_5ac11 
CMakeFiles/cmTC_5ac11.dir/CheckSymbolExists.c.o: In function `main':
CheckSymbolExists.c:(.text+0x1b): undefined reference to `pthread_create'
collect2: error: ld returned 1 exit status
CMakeFiles/cmTC_5ac11.dir/build.make:97: recipe for target 'cmTC_5ac11' failed
make[1]: *** [cmTC_5ac11] Error 1
make[1]: Leaving directory '/home/krishna/Downloads/final_pkg_ws/build/husky_pickplace/CMakeFiles/CMakeTmp'
Makefile:126: recipe for target 'cmTC_5ac11/fast' failed
make: *** [cmTC_5ac11/fast] Error 2

File /home/krishna/Downloads/final_pkg_ws/build/husky_pickplace/CMakeFiles/CMakeTmp/CheckSymbolExists.c:
/* */
#include <pthread.h>

int main(int argc, char** argv)
{
  (void)argv;
#ifndef pthread_create
  return ((int*)(&pthread_create))[argc];
#else
  (void)argc;
  return 0;
#endif
}

Determining if the function pthread_create exists in the pthreads failed with the following output:
Change Dir: /home/krishna/Downloads/final_pkg_ws/build/husky_pickplace/CMakeFiles/CMakeTmp

Run Build Command:"/usr/bin/make" "cmTC_addae/fast"
/usr/bin/make -f CMakeFiles/cmTC_addae.dir/build.make CMakeFiles/cmTC_addae.dir/build
make[1]: Entering directory '/home/krishna/Downloads/final_pkg_ws/build/husky_pickplace/CMakeFiles/CMakeTmp'
Building C object CMakeFiles/cmTC_addae.dir/CheckFunctionExists.c.o
/usr/bin/cc   -DCHECK_FUNCTION_EXISTS=pthread_create   -o CMakeFiles/cmTC_addae.dir/CheckFunctionExists.c.o   -c /usr/share/cmake-3.10/Modules/CheckFunctionExists.c
Linking C executable cmTC_addae
/usr/bin/cmake -E cmake_link_script CMakeFiles/cmTC_addae.dir/link.txt --verbose=1
/usr/bin/cc  -DCHECK_FUNCTION_EXISTS=pthread_create    -rdynamic CMakeFiles/cmTC_addae.dir/CheckFunctionExists.c.o  -o cmTC_addae -lpthreads 
/usr/bin/ld: cannot find -lpthreads
collect2: error: ld returned 1 exit status
CMakeFiles/cmTC_addae.dir/build.make:97: recipe for target 'cmTC_addae' failed
make[1]: *** [cmTC_addae] Error 1
make[1]: Leaving directory '/home/krishna/Downloads/final_pkg_ws/build/husky_pickplace/CMakeFiles/CMakeTmp'
Makefile:126: recipe for target 'cmTC_addae/fast' failed
make: *** [cmTC_addae/fast] Error 2


