[35m[1mScanning dependencies of target _skiros2_msgs_generate_messages_check_deps_WoQuery[0m
[35m[1mScanning dependencies of target _skiros2_msgs_generate_messages_check_deps_Property[0m
[  0%] Built target _skiros2_msgs_generate_messages_check_deps_WoQuery
[  0%] Built target _skiros2_msgs_generate_messages_check_deps_Property
[35m[1mScanning dependencies of target _skiros2_msgs_generate_messages_check_deps_Statement[0m
[35m[1mScanning dependencies of target _skiros2_msgs_generate_messages_check_deps_Relation[0m
[  0%] Built target _skiros2_msgs_generate_messages_check_deps_Statement
[  0%] Built target _skiros2_msgs_generate_messages_check_deps_Relation
[35m[1mScanning dependencies of target _skiros2_msgs_generate_messages_check_deps_SkillCommand[0m
[35m[1mScanning dependencies of target _skiros2_msgs_generate_messages_check_deps_ResourceGetDescriptions[0m
[  0%] Built target _skiros2_msgs_generate_messages_check_deps_SkillCommand
[  0%] Built target _skiros2_msgs_generate_messages_check_deps_ResourceGetDescriptions
[35m[1mScanning dependencies of target _skiros2_msgs_generate_messages_check_deps_WmGet[0m
[35m[1mScanning dependencies of target actionlib_msgs_generate_messages_cpp[0m
[  0%] Built target actionlib_msgs_generate_messages_cpp
[35m[1mScanning dependencies of target _skiros2_msgs_generate_messages_check_deps_AssignTaskActionFeedback[0m
[  0%] Built target _skiros2_msgs_generate_messages_check_deps_WmGet
[35m[1mScanning dependencies of target _skiros2_msgs_generate_messages_check_deps_AssignTaskActionResult[0m
[  0%] Built target _skiros2_msgs_generate_messages_check_deps_AssignTaskActionFeedback
[35m[1mScanning dependencies of target _skiros2_msgs_generate_messages_check_deps_AssignTaskFeedback[0m
[  0%] Built target _skiros2_msgs_generate_messages_check_deps_AssignTaskActionResult
[35m[1mScanning dependencies of target _skiros2_msgs_generate_messages_check_deps_WmModify[0m
[  0%] Built target _skiros2_msgs_generate_messages_check_deps_AssignTaskFeedback
[  0%] Built target _skiros2_msgs_generate_messages_check_deps_WmModify
[35m[1mScanning dependencies of target _skiros2_msgs_generate_messages_check_deps_AssignTaskActionGoal[0m
[35m[1mScanning dependencies of target _skiros2_msgs_generate_messages_check_deps_Condition[0m
[  0%] Built target _skiros2_msgs_generate_messages_check_deps_AssignTaskActionGoal
[35m[1mScanning dependencies of target _skiros2_msgs_generate_messages_check_deps_AssignTaskAction[0m
[  0%] Built target _skiros2_msgs_generate_messages_check_deps_Condition
[35m[1mScanning dependencies of target _skiros2_msgs_generate_messages_check_deps_WmQueryRelations[0m
[  0%] Built target _skiros2_msgs_generate_messages_check_deps_AssignTaskAction
[35m[1mScanning dependencies of target _skiros2_msgs_generate_messages_check_deps_WmElement[0m
[  0%] Built target _skiros2_msgs_generate_messages_check_deps_WmQueryRelations
[35m[1mScanning dependencies of target _skiros2_msgs_generate_messages_check_deps_AssignTaskGoal[0m
[  0%] Built target _skiros2_msgs_generate_messages_check_deps_WmElement
[35m[1mScanning dependencies of target _skiros2_msgs_generate_messages_check_deps_AssignTaskResult[0m
[  0%] Built target _skiros2_msgs_generate_messages_check_deps_AssignTaskGoal
[35m[1mScanning dependencies of target _skiros2_msgs_generate_messages_check_deps_Param[0m
[  0%] Built target _skiros2_msgs_generate_messages_check_deps_AssignTaskResult
[35m[1mScanning dependencies of target _skiros2_msgs_generate_messages_check_deps_SkillProgress[0m
[  0%] Built target _skiros2_msgs_generate_messages_check_deps_Param
[35m[1mScanning dependencies of target _skiros2_msgs_generate_messages_check_deps_ResourceDescription[0m
[  0%] Built target _skiros2_msgs_generate_messages_check_deps_SkillProgress
[35m[1mScanning dependencies of target _skiros2_msgs_generate_messages_check_deps_WmMonitor[0m
[  0%] Built target _skiros2_msgs_generate_messages_check_deps_ResourceDescription
[35m[1mScanning dependencies of target std_msgs_generate_messages_cpp[0m
[  0%] Built target std_msgs_generate_messages_cpp
[  0%] Built target _skiros2_msgs_generate_messages_check_deps_WmMonitor
[35m[1mScanning dependencies of target _skiros2_msgs_generate_messages_check_deps_WmSetRelation[0m
[35m[1mScanning dependencies of target _skiros2_msgs_generate_messages_check_deps_WoModify[0m
[  0%] Built target _skiros2_msgs_generate_messages_check_deps_WmSetRelation
[35m[1mScanning dependencies of target _skiros2_msgs_generate_messages_check_deps_WoLoadAndSave[0m
[  0%] Built target _skiros2_msgs_generate_messages_check_deps_WoModify
[35m[1mScanning dependencies of target std_msgs_generate_messages_py[0m
[  0%] Built target std_msgs_generate_messages_py
[  0%] Built target _skiros2_msgs_generate_messages_check_deps_WoLoadAndSave
[35m[1mScanning dependencies of target actionlib_msgs_generate_messages_py[0m
[35m[1mScanning dependencies of target std_msgs_generate_messages_nodejs[0m
[  0%] Built target actionlib_msgs_generate_messages_py
[35m[1mScanning dependencies of target actionlib_msgs_generate_messages_nodejs[0m
[  0%] Built target std_msgs_generate_messages_nodejs
[  0%] Built target actionlib_msgs_generate_messages_nodejs
[35m[1mScanning dependencies of target std_msgs_generate_messages_lisp[0m
[35m[1mScanning dependencies of target actionlib_msgs_generate_messages_lisp[0m
[  0%] Built target std_msgs_generate_messages_lisp
[  0%] Built target actionlib_msgs_generate_messages_lisp
[35m[1mScanning dependencies of target std_msgs_generate_messages_eus[0m
[35m[1mScanning dependencies of target actionlib_msgs_generate_messages_eus[0m
[  0%] Built target std_msgs_generate_messages_eus
[  0%] Built target actionlib_msgs_generate_messages_eus
[35m[1mScanning dependencies of target skiros2_msgs_generate_messages_cpp[0m
[35m[1mScanning dependencies of target skiros2_msgs_generate_messages_py[0m
[  1%] [34m[1mGenerating C++ code from skiros2_msgs/AssignTaskActionGoal.msg[0m
[  2%] [34m[1mGenerating Python from MSG skiros2_msgs/AssignTaskActionGoal[0m
[  3%] [34m[1mGenerating C++ code from skiros2_msgs/Property.msg[0m
[  4%] [34m[1mGenerating Python from MSG skiros2_msgs/Property[0m
[  4%] [34m[1mGenerating Python from MSG skiros2_msgs/AssignTaskActionResult[0m
[  5%] [34m[1mGenerating C++ code from skiros2_msgs/AssignTaskActionResult.msg[0m
[  6%] [34m[1mGenerating Python from MSG skiros2_msgs/SkillProgress[0m
[  6%] [34m[1mGenerating C++ code from skiros2_msgs/SkillProgress.msg[0m
[  7%] [34m[1mGenerating Python from MSG skiros2_msgs/AssignTaskAction[0m
[  8%] [34m[1mGenerating C++ code from skiros2_msgs/AssignTaskAction.msg[0m
[  8%] [34m[1mGenerating Python from MSG skiros2_msgs/Param[0m
[  9%] [34m[1mGenerating C++ code from skiros2_msgs/Param.msg[0m
[ 10%] [34m[1mGenerating Python from MSG skiros2_msgs/WmElement[0m
[ 10%] [34m[1mGenerating C++ code from skiros2_msgs/WmElement.msg[0m
[ 11%] [34m[1mGenerating Python from MSG skiros2_msgs/AssignTaskGoal[0m
[ 12%] [34m[1mGenerating Python from MSG skiros2_msgs/AssignTaskResult[0m
[ 13%] [34m[1mGenerating C++ code from skiros2_msgs/AssignTaskGoal.msg[0m
[ 13%] [34m[1mGenerating Python from MSG skiros2_msgs/AssignTaskActionFeedback[0m
[ 15%] [34m[1mGenerating C++ code from skiros2_msgs/AssignTaskResult.msg[0m
[ 16%] [34m[1mGenerating Python from MSG skiros2_msgs/Statement[0m
[ 17%] [34m[1mGenerating Python from MSG skiros2_msgs/WmMonitor[0m
[ 18%] [34m[1mGenerating C++ code from skiros2_msgs/AssignTaskActionFeedback.msg[0m
[ 18%] [34m[1mGenerating Python from MSG skiros2_msgs/AssignTaskFeedback[0m
[ 19%] [34m[1mGenerating Python from MSG skiros2_msgs/ResourceDescription[0m
[ 19%] [34m[1mGenerating C++ code from skiros2_msgs/Statement.msg[0m
[ 20%] [34m[1mGenerating Python from MSG skiros2_msgs/Relation[0m
[ 21%] [34m[1mGenerating Python from MSG skiros2_msgs/Condition[0m
[ 22%] [34m[1mGenerating C++ code from skiros2_msgs/WmMonitor.msg[0m
[ 22%] [34m[1mGenerating Python code from SRV skiros2_msgs/ResourceGetDescriptions[0m
[ 23%] [34m[1mGenerating Python code from SRV skiros2_msgs/WoQuery[0m
[ 24%] [34m[1mGenerating Python code from SRV skiros2_msgs/WmModify[0m
[ 24%] [34m[1mGenerating Python code from SRV skiros2_msgs/WmSetRelation[0m
[ 25%] [34m[1mGenerating C++ code from skiros2_msgs/AssignTaskFeedback.msg[0m
[ 26%] [34m[1mGenerating Python code from SRV skiros2_msgs/WoModify[0m
[ 26%] [34m[1mGenerating C++ code from skiros2_msgs/ResourceDescription.msg[0m
[ 27%] [34m[1mGenerating Python code from SRV skiros2_msgs/WoLoadAndSave[0m
[ 29%] [34m[1mGenerating Python code from SRV skiros2_msgs/SkillCommand[0m
[ 29%] [34m[1mGenerating Python code from SRV skiros2_msgs/WmQueryRelations[0m
[ 30%] [34m[1mGenerating C++ code from skiros2_msgs/Condition.msg[0m
[ 31%] [34m[1mGenerating Python code from SRV skiros2_msgs/WmGet[0m
[ 32%] [34m[1mGenerating C++ code from skiros2_msgs/Relation.msg[0m
[35m[1mScanning dependencies of target skiros2_msgs_generate_messages_nodejs[0m
[ 33%] [34m[1mGenerating Javascript code from skiros2_msgs/AssignTaskActionGoal.msg[0m
[ 34%] [34m[1mGenerating Javascript code from skiros2_msgs/Property.msg[0m
[ 34%] [34m[1mGenerating Javascript code from skiros2_msgs/AssignTaskActionResult.msg[0m
[ 35%] [34m[1mGenerating C++ code from skiros2_msgs/ResourceGetDescriptions.srv[0m
[ 36%] [34m[1mGenerating Python msg __init__.py for skiros2_msgs[0m
[ 37%] [34m[1mGenerating Javascript code from skiros2_msgs/SkillProgress.msg[0m
[ 38%] [34m[1mGenerating Javascript code from skiros2_msgs/AssignTaskAction.msg[0m
[ 38%] [34m[1mGenerating Javascript code from skiros2_msgs/Param.msg[0m
[ 39%] [34m[1mGenerating Python srv __init__.py for skiros2_msgs[0m
[ 40%] [34m[1mGenerating Javascript code from skiros2_msgs/WmElement.msg[0m
[ 41%] [34m[1mGenerating Javascript code from skiros2_msgs/AssignTaskGoal.msg[0m
[ 43%] [34m[1mGenerating Javascript code from skiros2_msgs/AssignTaskResult.msg[0m
[ 43%] [34m[1mGenerating C++ code from skiros2_msgs/WoQuery.srv[0m
[ 43%] Built target skiros2_msgs_generate_messages_py
[ 43%] [34m[1mGenerating Javascript code from skiros2_msgs/AssignTaskActionFeedback.msg[0m
[ 44%] [34m[1mGenerating Javascript code from skiros2_msgs/Statement.msg[0m
[ 45%] [34m[1mGenerating Javascript code from skiros2_msgs/WmMonitor.msg[0m
[ 45%] [34m[1mGenerating Javascript code from skiros2_msgs/AssignTaskFeedback.msg[0m
[35m[1mScanning dependencies of target skiros2_msgs_generate_messages_lisp[0m
[ 46%] [34m[1mGenerating Lisp code from skiros2_msgs/AssignTaskActionGoal.msg[0m
[ 47%] [34m[1mGenerating Javascript code from skiros2_msgs/ResourceDescription.msg[0m
[ 48%] [34m[1mGenerating Lisp code from skiros2_msgs/Property.msg[0m
[ 49%] [34m[1mGenerating Javascript code from skiros2_msgs/Condition.msg[0m
[ 49%] [34m[1mGenerating Lisp code from skiros2_msgs/AssignTaskActionResult.msg[0m
[ 50%] [34m[1mGenerating Javascript code from skiros2_msgs/Relation.msg[0m
[ 51%] [34m[1mGenerating C++ code from skiros2_msgs/WmModify.srv[0m
[ 52%] [34m[1mGenerating Lisp code from skiros2_msgs/SkillProgress.msg[0m
[ 52%] [34m[1mGenerating Javascript code from skiros2_msgs/ResourceGetDescriptions.srv[0m
[ 53%] [34m[1mGenerating Lisp code from skiros2_msgs/AssignTaskAction.msg[0m
[ 54%] [34m[1mGenerating Javascript code from skiros2_msgs/WoQuery.srv[0m
[ 54%] [34m[1mGenerating Lisp code from skiros2_msgs/Param.msg[0m
[ 55%] [34m[1mGenerating Lisp code from skiros2_msgs/WmElement.msg[0m
[ 56%] [34m[1mGenerating Javascript code from skiros2_msgs/WmModify.srv[0m
[ 58%] [34m[1mGenerating Lisp code from skiros2_msgs/AssignTaskGoal.msg[0m
[ 58%] [34m[1mGenerating Javascript code from skiros2_msgs/WmSetRelation.srv[0m
[ 59%] [34m[1mGenerating Lisp code from skiros2_msgs/AssignTaskResult.msg[0m
[ 60%] [34m[1mGenerating C++ code from skiros2_msgs/WmSetRelation.srv[0m
[ 61%] [34m[1mGenerating Javascript code from skiros2_msgs/WoModify.srv[0m
[ 61%] [34m[1mGenerating Lisp code from skiros2_msgs/AssignTaskActionFeedback.msg[0m
[ 62%] [34m[1mGenerating Javascript code from skiros2_msgs/WoLoadAndSave.srv[0m
[ 63%] [34m[1mGenerating Lisp code from skiros2_msgs/Statement.msg[0m
[ 64%] [34m[1mGenerating Javascript code from skiros2_msgs/SkillCommand.srv[0m
[ 65%] [34m[1mGenerating Lisp code from skiros2_msgs/WmMonitor.msg[0m
[ 65%] [34m[1mGenerating Javascript code from skiros2_msgs/WmQueryRelations.srv[0m
[ 65%] [34m[1mGenerating Lisp code from skiros2_msgs/AssignTaskFeedback.msg[0m
[ 66%] [34m[1mGenerating Javascript code from skiros2_msgs/WmGet.srv[0m
[ 67%] [34m[1mGenerating Lisp code from skiros2_msgs/ResourceDescription.msg[0m
[ 67%] Built target skiros2_msgs_generate_messages_nodejs
[35m[1mScanning dependencies of target skiros2_msgs_generate_messages_eus[0m
[ 68%] [34m[1mGenerating EusLisp code from skiros2_msgs/AssignTaskActionGoal.msg[0m
[ 69%] [34m[1mGenerating Lisp code from skiros2_msgs/Condition.msg[0m
[ 70%] [34m[1mGenerating C++ code from skiros2_msgs/WoModify.srv[0m
[ 72%] [34m[1mGenerating Lisp code from skiros2_msgs/Relation.msg[0m
[ 73%] [34m[1mGenerating EusLisp code from skiros2_msgs/Property.msg[0m
[ 73%] [34m[1mGenerating Lisp code from skiros2_msgs/ResourceGetDescriptions.srv[0m
[ 74%] [34m[1mGenerating EusLisp code from skiros2_msgs/AssignTaskActionResult.msg[0m
[ 75%] [34m[1mGenerating Lisp code from skiros2_msgs/WoQuery.srv[0m
[ 76%] [34m[1mGenerating Lisp code from skiros2_msgs/WmModify.srv[0m
[ 76%] [34m[1mGenerating EusLisp code from skiros2_msgs/SkillProgress.msg[0m
[ 76%] [34m[1mGenerating Lisp code from skiros2_msgs/WmSetRelation.srv[0m
[ 77%] [34m[1mGenerating EusLisp code from skiros2_msgs/AssignTaskAction.msg[0m
[ 77%] [34m[1mGenerating C++ code from skiros2_msgs/WoLoadAndSave.srv[0m
[ 78%] [34m[1mGenerating Lisp code from skiros2_msgs/WoModify.srv[0m
[ 79%] [34m[1mGenerating Lisp code from skiros2_msgs/WoLoadAndSave.srv[0m
[ 80%] [34m[1mGenerating EusLisp code from skiros2_msgs/Param.msg[0m
[ 81%] [34m[1mGenerating Lisp code from skiros2_msgs/SkillCommand.srv[0m
[ 81%] [34m[1mGenerating EusLisp code from skiros2_msgs/WmElement.msg[0m
[ 81%] [34m[1mGenerating Lisp code from skiros2_msgs/WmQueryRelations.srv[0m
[ 82%] [34m[1mGenerating Lisp code from skiros2_msgs/WmGet.srv[0m
[ 83%] [34m[1mGenerating EusLisp code from skiros2_msgs/AssignTaskGoal.msg[0m
[ 84%] [34m[1mGenerating C++ code from skiros2_msgs/SkillCommand.srv[0m
[ 84%] Built target skiros2_msgs_generate_messages_lisp
[ 86%] [34m[1mGenerating EusLisp code from skiros2_msgs/AssignTaskResult.msg[0m
[ 87%] [34m[1mGenerating EusLisp code from skiros2_msgs/AssignTaskActionFeedback.msg[0m
[ 87%] [34m[1mGenerating EusLisp code from skiros2_msgs/Statement.msg[0m
[ 88%] [34m[1mGenerating EusLisp code from skiros2_msgs/WmMonitor.msg[0m
[ 89%] [34m[1mGenerating EusLisp code from skiros2_msgs/AssignTaskFeedback.msg[0m
[ 89%] [34m[1mGenerating EusLisp code from skiros2_msgs/ResourceDescription.msg[0m
[ 91%] [34m[1mGenerating C++ code from skiros2_msgs/WmQueryRelations.srv[0m
[ 91%] [34m[1mGenerating EusLisp code from skiros2_msgs/Condition.msg[0m
[ 92%] [34m[1mGenerating EusLisp code from skiros2_msgs/Relation.msg[0m
[ 93%] [34m[1mGenerating EusLisp code from skiros2_msgs/ResourceGetDescriptions.srv[0m
[ 93%] [34m[1mGenerating EusLisp code from skiros2_msgs/WoQuery.srv[0m
[ 93%] [34m[1mGenerating C++ code from skiros2_msgs/WmGet.srv[0m
[ 94%] [34m[1mGenerating EusLisp code from skiros2_msgs/WmModify.srv[0m
[ 95%] [34m[1mGenerating EusLisp code from skiros2_msgs/WmSetRelation.srv[0m
[ 96%] [34m[1mGenerating EusLisp code from skiros2_msgs/WoModify.srv[0m
[ 96%] [34m[1mGenerating EusLisp code from skiros2_msgs/WoLoadAndSave.srv[0m
[ 97%] [34m[1mGenerating EusLisp code from skiros2_msgs/SkillCommand.srv[0m
[ 98%] [34m[1mGenerating EusLisp code from skiros2_msgs/WmQueryRelations.srv[0m
[ 98%] [34m[1mGenerating EusLisp code from skiros2_msgs/WmGet.srv[0m
[ 98%] Built target skiros2_msgs_generate_messages_cpp
[100%] [34m[1mGenerating EusLisp manifest code for skiros2_msgs[0m
[100%] Built target skiros2_msgs_generate_messages_eus
[35m[1mScanning dependencies of target skiros2_msgs_generate_messages[0m
[100%] Built target skiros2_msgs_generate_messages
