Symlinking /home/krishna/Downloads/final_pkg_ws/devel/lib/pkgconfig/skiros2_msgs.pc
Symlinking /home/krishna/Downloads/final_pkg_ws/devel/lib/python2.7/dist-packages/skiros2_msgs/__init__.py
Symlinking /home/krishna/Downloads/final_pkg_ws/devel/lib/python2.7/dist-packages/skiros2_msgs/msg/_AssignTaskActionResult.py
Symlinking /home/krishna/Downloads/final_pkg_ws/devel/lib/python2.7/dist-packages/skiros2_msgs/msg/_Relation.py
Symlinking /home/krishna/Downloads/final_pkg_ws/devel/lib/python2.7/dist-packages/skiros2_msgs/msg/_AssignTaskActionFeedback.py
Symlinking /home/krishna/Downloads/final_pkg_ws/devel/lib/python2.7/dist-packages/skiros2_msgs/msg/_AssignTaskActionGoal.py
Symlinking /home/krishna/Downloads/final_pkg_ws/devel/lib/python2.7/dist-packages/skiros2_msgs/msg/_ResourceDescription.py
Symlinking /home/krishna/Downloads/final_pkg_ws/devel/lib/python2.7/dist-packages/skiros2_msgs/msg/_AssignTaskResult.py
Symlinking /home/krishna/Downloads/final_pkg_ws/devel/lib/python2.7/dist-packages/skiros2_msgs/msg/_AssignTaskAction.py
Symlinking /home/krishna/Downloads/final_pkg_ws/devel/lib/python2.7/dist-packages/skiros2_msgs/msg/_WmElement.py
Symlinking /home/krishna/Downloads/final_pkg_ws/devel/lib/python2.7/dist-packages/skiros2_msgs/msg/_AssignTaskGoal.py
Symlinking /home/krishna/Downloads/final_pkg_ws/devel/lib/python2.7/dist-packages/skiros2_msgs/msg/_WmMonitor.py
Symlinking /home/krishna/Downloads/final_pkg_ws/devel/lib/python2.7/dist-packages/skiros2_msgs/msg/_Property.py
Symlinking /home/krishna/Downloads/final_pkg_ws/devel/lib/python2.7/dist-packages/skiros2_msgs/msg/_SkillProgress.py
Symlinking /home/krishna/Downloads/final_pkg_ws/devel/lib/python2.7/dist-packages/skiros2_msgs/msg/_Param.py
Symlinking /home/krishna/Downloads/final_pkg_ws/devel/lib/python2.7/dist-packages/skiros2_msgs/msg/_Condition.py
Symlinking /home/krishna/Downloads/final_pkg_ws/devel/lib/python2.7/dist-packages/skiros2_msgs/msg/__init__.py
Symlinking /home/krishna/Downloads/final_pkg_ws/devel/lib/python2.7/dist-packages/skiros2_msgs/msg/_Statement.py
Symlinking /home/krishna/Downloads/final_pkg_ws/devel/lib/python2.7/dist-packages/skiros2_msgs/msg/_AssignTaskFeedback.py
Symlinking /home/krishna/Downloads/final_pkg_ws/devel/lib/python2.7/dist-packages/skiros2_msgs/srv/_WoLoadAndSave.py
Symlinking /home/krishna/Downloads/final_pkg_ws/devel/lib/python2.7/dist-packages/skiros2_msgs/srv/_ResourceGetDescriptions.py
Symlinking /home/krishna/Downloads/final_pkg_ws/devel/lib/python2.7/dist-packages/skiros2_msgs/srv/_WmSetRelation.py
Symlinking /home/krishna/Downloads/final_pkg_ws/devel/lib/python2.7/dist-packages/skiros2_msgs/srv/_WoModify.py
Symlinking /home/krishna/Downloads/final_pkg_ws/devel/lib/python2.7/dist-packages/skiros2_msgs/srv/_WmGet.py
Symlinking /home/krishna/Downloads/final_pkg_ws/devel/lib/python2.7/dist-packages/skiros2_msgs/srv/_SkillCommand.py
Symlinking /home/krishna/Downloads/final_pkg_ws/devel/lib/python2.7/dist-packages/skiros2_msgs/srv/_WmModify.py
Symlinking /home/krishna/Downloads/final_pkg_ws/devel/lib/python2.7/dist-packages/skiros2_msgs/srv/_WmQueryRelations.py
Symlinking /home/krishna/Downloads/final_pkg_ws/devel/lib/python2.7/dist-packages/skiros2_msgs/srv/_WoQuery.py
Symlinking /home/krishna/Downloads/final_pkg_ws/devel/lib/python2.7/dist-packages/skiros2_msgs/srv/__init__.py
Symlinking /home/krishna/Downloads/final_pkg_ws/devel/share/skiros2_msgs/cmake/skiros2_msgs-msg-extras.cmake
Symlinking /home/krishna/Downloads/final_pkg_ws/devel/share/skiros2_msgs/cmake/skiros2_msgsConfig.cmake
Symlinking /home/krishna/Downloads/final_pkg_ws/devel/share/skiros2_msgs/cmake/skiros2_msgs-msg-paths.cmake
Symlinking /home/krishna/Downloads/final_pkg_ws/devel/share/skiros2_msgs/cmake/skiros2_msgsConfig-version.cmake
Symlinking /home/krishna/Downloads/final_pkg_ws/devel/share/skiros2_msgs/msg/AssignTaskFeedback.msg
Symlinking /home/krishna/Downloads/final_pkg_ws/devel/share/skiros2_msgs/msg/AssignTaskAction.msg
Symlinking /home/krishna/Downloads/final_pkg_ws/devel/share/skiros2_msgs/msg/AssignTaskResult.msg
Symlinking /home/krishna/Downloads/final_pkg_ws/devel/share/skiros2_msgs/msg/AssignTaskActionFeedback.msg
Symlinking /home/krishna/Downloads/final_pkg_ws/devel/share/skiros2_msgs/msg/AssignTaskActionResult.msg
Symlinking /home/krishna/Downloads/final_pkg_ws/devel/share/skiros2_msgs/msg/AssignTaskActionGoal.msg
Symlinking /home/krishna/Downloads/final_pkg_ws/devel/share/skiros2_msgs/msg/AssignTaskGoal.msg
Symlinking /home/krishna/Downloads/final_pkg_ws/devel/share/common-lisp/ros/skiros2_msgs/msg/WmElement.lisp
Symlinking /home/krishna/Downloads/final_pkg_ws/devel/share/common-lisp/ros/skiros2_msgs/msg/AssignTaskActionResult.lisp
Symlinking /home/krishna/Downloads/final_pkg_ws/devel/share/common-lisp/ros/skiros2_msgs/msg/Property.lisp
Symlinking /home/krishna/Downloads/final_pkg_ws/devel/share/common-lisp/ros/skiros2_msgs/msg/_package_Param.lisp
Symlinking /home/krishna/Downloads/final_pkg_ws/devel/share/common-lisp/ros/skiros2_msgs/msg/AssignTaskFeedback.lisp
Symlinking /home/krishna/Downloads/final_pkg_ws/devel/share/common-lisp/ros/skiros2_msgs/msg/_package_AssignTaskActionResult.lisp
Symlinking /home/krishna/Downloads/final_pkg_ws/devel/share/common-lisp/ros/skiros2_msgs/msg/_package_AssignTaskFeedback.lisp
Symlinking /home/krishna/Downloads/final_pkg_ws/devel/share/common-lisp/ros/skiros2_msgs/msg/skiros2_msgs-msg.asd
Symlinking /home/krishna/Downloads/final_pkg_ws/devel/share/common-lisp/ros/skiros2_msgs/msg/_package.lisp
Symlinking /home/krishna/Downloads/final_pkg_ws/devel/share/common-lisp/ros/skiros2_msgs/msg/ResourceDescription.lisp
Symlinking /home/krishna/Downloads/final_pkg_ws/devel/share/common-lisp/ros/skiros2_msgs/msg/WmMonitor.lisp
Symlinking /home/krishna/Downloads/final_pkg_ws/devel/share/common-lisp/ros/skiros2_msgs/msg/Param.lisp
Symlinking /home/krishna/Downloads/final_pkg_ws/devel/share/common-lisp/ros/skiros2_msgs/msg/_package_AssignTaskActionGoal.lisp
Symlinking /home/krishna/Downloads/final_pkg_ws/devel/share/common-lisp/ros/skiros2_msgs/msg/AssignTaskResult.lisp
Symlinking /home/krishna/Downloads/final_pkg_ws/devel/share/common-lisp/ros/skiros2_msgs/msg/_package_WmMonitor.lisp
Symlinking /home/krishna/Downloads/final_pkg_ws/devel/share/common-lisp/ros/skiros2_msgs/msg/_package_ResourceDescription.lisp
Symlinking /home/krishna/Downloads/final_pkg_ws/devel/share/common-lisp/ros/skiros2_msgs/msg/_package_AssignTaskGoal.lisp
Symlinking /home/krishna/Downloads/final_pkg_ws/devel/share/common-lisp/ros/skiros2_msgs/msg/_package_AssignTaskAction.lisp
Symlinking /home/krishna/Downloads/final_pkg_ws/devel/share/common-lisp/ros/skiros2_msgs/msg/_package_Relation.lisp
Symlinking /home/krishna/Downloads/final_pkg_ws/devel/share/common-lisp/ros/skiros2_msgs/msg/_package_AssignTaskActionFeedback.lisp
Symlinking /home/krishna/Downloads/final_pkg_ws/devel/share/common-lisp/ros/skiros2_msgs/msg/AssignTaskGoal.lisp
Symlinking /home/krishna/Downloads/final_pkg_ws/devel/share/common-lisp/ros/skiros2_msgs/msg/_package_WmElement.lisp
Symlinking /home/krishna/Downloads/final_pkg_ws/devel/share/common-lisp/ros/skiros2_msgs/msg/_package_Property.lisp
Symlinking /home/krishna/Downloads/final_pkg_ws/devel/share/common-lisp/ros/skiros2_msgs/msg/AssignTaskActionGoal.lisp
Symlinking /home/krishna/Downloads/final_pkg_ws/devel/share/common-lisp/ros/skiros2_msgs/msg/Statement.lisp
Symlinking /home/krishna/Downloads/final_pkg_ws/devel/share/common-lisp/ros/skiros2_msgs/msg/AssignTaskActionFeedback.lisp
Symlinking /home/krishna/Downloads/final_pkg_ws/devel/share/common-lisp/ros/skiros2_msgs/msg/Condition.lisp
Symlinking /home/krishna/Downloads/final_pkg_ws/devel/share/common-lisp/ros/skiros2_msgs/msg/_package_Condition.lisp
Symlinking /home/krishna/Downloads/final_pkg_ws/devel/share/common-lisp/ros/skiros2_msgs/msg/SkillProgress.lisp
Symlinking /home/krishna/Downloads/final_pkg_ws/devel/share/common-lisp/ros/skiros2_msgs/msg/Relation.lisp
Symlinking /home/krishna/Downloads/final_pkg_ws/devel/share/common-lisp/ros/skiros2_msgs/msg/_package_SkillProgress.lisp
Symlinking /home/krishna/Downloads/final_pkg_ws/devel/share/common-lisp/ros/skiros2_msgs/msg/AssignTaskAction.lisp
Symlinking /home/krishna/Downloads/final_pkg_ws/devel/share/common-lisp/ros/skiros2_msgs/msg/_package_Statement.lisp
Symlinking /home/krishna/Downloads/final_pkg_ws/devel/share/common-lisp/ros/skiros2_msgs/msg/_package_AssignTaskResult.lisp
Symlinking /home/krishna/Downloads/final_pkg_ws/devel/share/common-lisp/ros/skiros2_msgs/srv/_package_WmSetRelation.lisp
Symlinking /home/krishna/Downloads/final_pkg_ws/devel/share/common-lisp/ros/skiros2_msgs/srv/_package_WmGet.lisp
Symlinking /home/krishna/Downloads/final_pkg_ws/devel/share/common-lisp/ros/skiros2_msgs/srv/_package_WmModify.lisp
Symlinking /home/krishna/Downloads/final_pkg_ws/devel/share/common-lisp/ros/skiros2_msgs/srv/_package_WmQueryRelations.lisp
Symlinking /home/krishna/Downloads/final_pkg_ws/devel/share/common-lisp/ros/skiros2_msgs/srv/ResourceGetDescriptions.lisp
Symlinking /home/krishna/Downloads/final_pkg_ws/devel/share/common-lisp/ros/skiros2_msgs/srv/_package.lisp
Symlinking /home/krishna/Downloads/final_pkg_ws/devel/share/common-lisp/ros/skiros2_msgs/srv/skiros2_msgs-srv.asd
Symlinking /home/krishna/Downloads/final_pkg_ws/devel/share/common-lisp/ros/skiros2_msgs/srv/WmQueryRelations.lisp
Symlinking /home/krishna/Downloads/final_pkg_ws/devel/share/common-lisp/ros/skiros2_msgs/srv/SkillCommand.lisp
Symlinking /home/krishna/Downloads/final_pkg_ws/devel/share/common-lisp/ros/skiros2_msgs/srv/WoLoadAndSave.lisp
Symlinking /home/krishna/Downloads/final_pkg_ws/devel/share/common-lisp/ros/skiros2_msgs/srv/WmModify.lisp
Symlinking /home/krishna/Downloads/final_pkg_ws/devel/share/common-lisp/ros/skiros2_msgs/srv/WoModify.lisp
Symlinking /home/krishna/Downloads/final_pkg_ws/devel/share/common-lisp/ros/skiros2_msgs/srv/_package_SkillCommand.lisp
Symlinking /home/krishna/Downloads/final_pkg_ws/devel/share/common-lisp/ros/skiros2_msgs/srv/WoQuery.lisp
Symlinking /home/krishna/Downloads/final_pkg_ws/devel/share/common-lisp/ros/skiros2_msgs/srv/_package_WoModify.lisp
Symlinking /home/krishna/Downloads/final_pkg_ws/devel/share/common-lisp/ros/skiros2_msgs/srv/_package_WoQuery.lisp
Symlinking /home/krishna/Downloads/final_pkg_ws/devel/share/common-lisp/ros/skiros2_msgs/srv/WmGet.lisp
Symlinking /home/krishna/Downloads/final_pkg_ws/devel/share/common-lisp/ros/skiros2_msgs/srv/_package_WoLoadAndSave.lisp
Symlinking /home/krishna/Downloads/final_pkg_ws/devel/share/common-lisp/ros/skiros2_msgs/srv/WmSetRelation.lisp
Symlinking /home/krishna/Downloads/final_pkg_ws/devel/share/common-lisp/ros/skiros2_msgs/srv/_package_ResourceGetDescriptions.lisp
Symlinking /home/krishna/Downloads/final_pkg_ws/devel/share/gennodejs/ros/skiros2_msgs/_index.js
Symlinking /home/krishna/Downloads/final_pkg_ws/devel/share/gennodejs/ros/skiros2_msgs/msg/Param.js
Symlinking /home/krishna/Downloads/final_pkg_ws/devel/share/gennodejs/ros/skiros2_msgs/msg/AssignTaskAction.js
Symlinking /home/krishna/Downloads/final_pkg_ws/devel/share/gennodejs/ros/skiros2_msgs/msg/AssignTaskResult.js
Symlinking /home/krishna/Downloads/final_pkg_ws/devel/share/gennodejs/ros/skiros2_msgs/msg/Relation.js
Symlinking /home/krishna/Downloads/final_pkg_ws/devel/share/gennodejs/ros/skiros2_msgs/msg/AssignTaskGoal.js
Symlinking /home/krishna/Downloads/final_pkg_ws/devel/share/gennodejs/ros/skiros2_msgs/msg/SkillProgress.js
Symlinking /home/krishna/Downloads/final_pkg_ws/devel/share/gennodejs/ros/skiros2_msgs/msg/AssignTaskFeedback.js
Symlinking /home/krishna/Downloads/final_pkg_ws/devel/share/gennodejs/ros/skiros2_msgs/msg/_index.js
Symlinking /home/krishna/Downloads/final_pkg_ws/devel/share/gennodejs/ros/skiros2_msgs/msg/Property.js
Symlinking /home/krishna/Downloads/final_pkg_ws/devel/share/gennodejs/ros/skiros2_msgs/msg/Condition.js
Symlinking /home/krishna/Downloads/final_pkg_ws/devel/share/gennodejs/ros/skiros2_msgs/msg/WmElement.js
Symlinking /home/krishna/Downloads/final_pkg_ws/devel/share/gennodejs/ros/skiros2_msgs/msg/Statement.js
Symlinking /home/krishna/Downloads/final_pkg_ws/devel/share/gennodejs/ros/skiros2_msgs/msg/AssignTaskActionResult.js
Symlinking /home/krishna/Downloads/final_pkg_ws/devel/share/gennodejs/ros/skiros2_msgs/msg/AssignTaskActionGoal.js
Symlinking /home/krishna/Downloads/final_pkg_ws/devel/share/gennodejs/ros/skiros2_msgs/msg/ResourceDescription.js
Symlinking /home/krishna/Downloads/final_pkg_ws/devel/share/gennodejs/ros/skiros2_msgs/msg/WmMonitor.js
Symlinking /home/krishna/Downloads/final_pkg_ws/devel/share/gennodejs/ros/skiros2_msgs/msg/AssignTaskActionFeedback.js
Symlinking /home/krishna/Downloads/final_pkg_ws/devel/share/gennodejs/ros/skiros2_msgs/srv/WmSetRelation.js
Symlinking /home/krishna/Downloads/final_pkg_ws/devel/share/gennodejs/ros/skiros2_msgs/srv/WoLoadAndSave.js
Symlinking /home/krishna/Downloads/final_pkg_ws/devel/share/gennodejs/ros/skiros2_msgs/srv/WoQuery.js
Symlinking /home/krishna/Downloads/final_pkg_ws/devel/share/gennodejs/ros/skiros2_msgs/srv/WoModify.js
Symlinking /home/krishna/Downloads/final_pkg_ws/devel/share/gennodejs/ros/skiros2_msgs/srv/WmQueryRelations.js
Symlinking /home/krishna/Downloads/final_pkg_ws/devel/share/gennodejs/ros/skiros2_msgs/srv/WmModify.js
Symlinking /home/krishna/Downloads/final_pkg_ws/devel/share/gennodejs/ros/skiros2_msgs/srv/WmGet.js
Symlinking /home/krishna/Downloads/final_pkg_ws/devel/share/gennodejs/ros/skiros2_msgs/srv/_index.js
Symlinking /home/krishna/Downloads/final_pkg_ws/devel/share/gennodejs/ros/skiros2_msgs/srv/SkillCommand.js
Symlinking /home/krishna/Downloads/final_pkg_ws/devel/share/gennodejs/ros/skiros2_msgs/srv/ResourceGetDescriptions.js
Symlinking /home/krishna/Downloads/final_pkg_ws/devel/share/roseus/ros/skiros2_msgs/manifest.l
Symlinking /home/krishna/Downloads/final_pkg_ws/devel/share/roseus/ros/skiros2_msgs/msg/Condition.l
Symlinking /home/krishna/Downloads/final_pkg_ws/devel/share/roseus/ros/skiros2_msgs/msg/WmMonitor.l
Symlinking /home/krishna/Downloads/final_pkg_ws/devel/share/roseus/ros/skiros2_msgs/msg/AssignTaskActionGoal.l
Symlinking /home/krishna/Downloads/final_pkg_ws/devel/share/roseus/ros/skiros2_msgs/msg/Relation.l
Symlinking /home/krishna/Downloads/final_pkg_ws/devel/share/roseus/ros/skiros2_msgs/msg/Statement.l
Symlinking /home/krishna/Downloads/final_pkg_ws/devel/share/roseus/ros/skiros2_msgs/msg/Param.l
Symlinking /home/krishna/Downloads/final_pkg_ws/devel/share/roseus/ros/skiros2_msgs/msg/ResourceDescription.l
Symlinking /home/krishna/Downloads/final_pkg_ws/devel/share/roseus/ros/skiros2_msgs/msg/AssignTaskGoal.l
Symlinking /home/krishna/Downloads/final_pkg_ws/devel/share/roseus/ros/skiros2_msgs/msg/AssignTaskActionResult.l
Symlinking /home/krishna/Downloads/final_pkg_ws/devel/share/roseus/ros/skiros2_msgs/msg/AssignTaskFeedback.l
Symlinking /home/krishna/Downloads/final_pkg_ws/devel/share/roseus/ros/skiros2_msgs/msg/Property.l
Symlinking /home/krishna/Downloads/final_pkg_ws/devel/share/roseus/ros/skiros2_msgs/msg/AssignTaskAction.l
Symlinking /home/krishna/Downloads/final_pkg_ws/devel/share/roseus/ros/skiros2_msgs/msg/AssignTaskActionFeedback.l
Symlinking /home/krishna/Downloads/final_pkg_ws/devel/share/roseus/ros/skiros2_msgs/msg/AssignTaskResult.l
Symlinking /home/krishna/Downloads/final_pkg_ws/devel/share/roseus/ros/skiros2_msgs/msg/SkillProgress.l
Symlinking /home/krishna/Downloads/final_pkg_ws/devel/share/roseus/ros/skiros2_msgs/msg/WmElement.l
Symlinking /home/krishna/Downloads/final_pkg_ws/devel/share/roseus/ros/skiros2_msgs/srv/ResourceGetDescriptions.l
Symlinking /home/krishna/Downloads/final_pkg_ws/devel/share/roseus/ros/skiros2_msgs/srv/WoQuery.l
Symlinking /home/krishna/Downloads/final_pkg_ws/devel/share/roseus/ros/skiros2_msgs/srv/SkillCommand.l
Symlinking /home/krishna/Downloads/final_pkg_ws/devel/share/roseus/ros/skiros2_msgs/srv/WmQueryRelations.l
Symlinking /home/krishna/Downloads/final_pkg_ws/devel/share/roseus/ros/skiros2_msgs/srv/WmGet.l
Symlinking /home/krishna/Downloads/final_pkg_ws/devel/share/roseus/ros/skiros2_msgs/srv/WoLoadAndSave.l
Symlinking /home/krishna/Downloads/final_pkg_ws/devel/share/roseus/ros/skiros2_msgs/srv/WoModify.l
Symlinking /home/krishna/Downloads/final_pkg_ws/devel/share/roseus/ros/skiros2_msgs/srv/WmModify.l
Symlinking /home/krishna/Downloads/final_pkg_ws/devel/share/roseus/ros/skiros2_msgs/srv/WmSetRelation.l
Symlinking /home/krishna/Downloads/final_pkg_ws/devel/include/skiros2_msgs/WmQueryRelationsResponse.h
Symlinking /home/krishna/Downloads/final_pkg_ws/devel/include/skiros2_msgs/AssignTaskFeedback.h
Symlinking /home/krishna/Downloads/final_pkg_ws/devel/include/skiros2_msgs/WoLoadAndSave.h
Symlinking /home/krishna/Downloads/final_pkg_ws/devel/include/skiros2_msgs/WoQueryResponse.h
Symlinking /home/krishna/Downloads/final_pkg_ws/devel/include/skiros2_msgs/ResourceGetDescriptionsResponse.h
Symlinking /home/krishna/Downloads/final_pkg_ws/devel/include/skiros2_msgs/Condition.h
Symlinking /home/krishna/Downloads/final_pkg_ws/devel/include/skiros2_msgs/AssignTaskActionFeedback.h
Symlinking /home/krishna/Downloads/final_pkg_ws/devel/include/skiros2_msgs/WmSetRelation.h
Symlinking /home/krishna/Downloads/final_pkg_ws/devel/include/skiros2_msgs/WmQueryRelations.h
Symlinking /home/krishna/Downloads/final_pkg_ws/devel/include/skiros2_msgs/ResourceGetDescriptions.h
Symlinking /home/krishna/Downloads/final_pkg_ws/devel/include/skiros2_msgs/Relation.h
Symlinking /home/krishna/Downloads/final_pkg_ws/devel/include/skiros2_msgs/AssignTaskActionGoal.h
Symlinking /home/krishna/Downloads/final_pkg_ws/devel/include/skiros2_msgs/WoModifyResponse.h
Symlinking /home/krishna/Downloads/final_pkg_ws/devel/include/skiros2_msgs/WoQuery.h
Symlinking /home/krishna/Downloads/final_pkg_ws/devel/include/skiros2_msgs/WoModifyRequest.h
Symlinking /home/krishna/Downloads/final_pkg_ws/devel/include/skiros2_msgs/WmMonitor.h
Symlinking /home/krishna/Downloads/final_pkg_ws/devel/include/skiros2_msgs/WmModifyRequest.h
Symlinking /home/krishna/Downloads/final_pkg_ws/devel/include/skiros2_msgs/Param.h
Symlinking /home/krishna/Downloads/final_pkg_ws/devel/include/skiros2_msgs/WmElement.h
Symlinking /home/krishna/Downloads/final_pkg_ws/devel/include/skiros2_msgs/AssignTaskAction.h
Symlinking /home/krishna/Downloads/final_pkg_ws/devel/include/skiros2_msgs/SkillCommandResponse.h
Symlinking /home/krishna/Downloads/final_pkg_ws/devel/include/skiros2_msgs/SkillCommandRequest.h
Symlinking /home/krishna/Downloads/final_pkg_ws/devel/include/skiros2_msgs/WmQueryRelationsRequest.h
Symlinking /home/krishna/Downloads/final_pkg_ws/devel/include/skiros2_msgs/Statement.h
Symlinking /home/krishna/Downloads/final_pkg_ws/devel/include/skiros2_msgs/WmSetRelationResponse.h
Symlinking /home/krishna/Downloads/final_pkg_ws/devel/include/skiros2_msgs/SkillCommand.h
Symlinking /home/krishna/Downloads/final_pkg_ws/devel/include/skiros2_msgs/WoQueryRequest.h
Symlinking /home/krishna/Downloads/final_pkg_ws/devel/include/skiros2_msgs/AssignTaskGoal.h
Symlinking /home/krishna/Downloads/final_pkg_ws/devel/include/skiros2_msgs/WmGetResponse.h
Symlinking /home/krishna/Downloads/final_pkg_ws/devel/include/skiros2_msgs/WoLoadAndSaveRequest.h
Symlinking /home/krishna/Downloads/final_pkg_ws/devel/include/skiros2_msgs/ResourceDescription.h
Symlinking /home/krishna/Downloads/final_pkg_ws/devel/include/skiros2_msgs/AssignTaskActionResult.h
Symlinking /home/krishna/Downloads/final_pkg_ws/devel/include/skiros2_msgs/AssignTaskResult.h
Symlinking /home/krishna/Downloads/final_pkg_ws/devel/include/skiros2_msgs/WmModifyResponse.h
Symlinking /home/krishna/Downloads/final_pkg_ws/devel/include/skiros2_msgs/Property.h
Symlinking /home/krishna/Downloads/final_pkg_ws/devel/include/skiros2_msgs/ResourceGetDescriptionsRequest.h
Symlinking /home/krishna/Downloads/final_pkg_ws/devel/include/skiros2_msgs/WoModify.h
Symlinking /home/krishna/Downloads/final_pkg_ws/devel/include/skiros2_msgs/WmGetRequest.h
Symlinking /home/krishna/Downloads/final_pkg_ws/devel/include/skiros2_msgs/WmModify.h
Symlinking /home/krishna/Downloads/final_pkg_ws/devel/include/skiros2_msgs/SkillProgress.h
Symlinking /home/krishna/Downloads/final_pkg_ws/devel/include/skiros2_msgs/WoLoadAndSaveResponse.h
Symlinking /home/krishna/Downloads/final_pkg_ws/devel/include/skiros2_msgs/WmGet.h
Symlinking /home/krishna/Downloads/final_pkg_ws/devel/include/skiros2_msgs/WmSetRelationRequest.h
