Determining if the pthread_create exist failed with the following output:
Change Dir: /home/krishna/Downloads/final_pkg_ws/build/husky_kinova_bringup/CMakeFiles/CMakeTmp

Run Build Command:"/usr/bin/make" "cmTC_f8b48/fast"
/usr/bin/make -f CMakeFiles/cmTC_f8b48.dir/build.make CMakeFiles/cmTC_f8b48.dir/build
make[1]: Entering directory '/home/krishna/Downloads/final_pkg_ws/build/husky_kinova_bringup/CMakeFiles/CMakeTmp'
Building C object CMakeFiles/cmTC_f8b48.dir/CheckSymbolExists.c.o
/usr/bin/cc    -o CMakeFiles/cmTC_f8b48.dir/CheckSymbolExists.c.o   -c /home/krishna/Downloads/final_pkg_ws/build/husky_kinova_bringup/CMakeFiles/CMakeTmp/CheckSymbolExists.c
Linking C executable cmTC_f8b48
/usr/bin/cmake -E cmake_link_script CMakeFiles/cmTC_f8b48.dir/link.txt --verbose=1
/usr/bin/cc      -rdynamic CMakeFiles/cmTC_f8b48.dir/CheckSymbolExists.c.o  -o cmTC_f8b48 
CMakeFiles/cmTC_f8b48.dir/CheckSymbolExists.c.o: In function `main':
CheckSymbolExists.c:(.text+0x1b): undefined reference to `pthread_create'
collect2: error: ld returned 1 exit status
CMakeFiles/cmTC_f8b48.dir/build.make:97: recipe for target 'cmTC_f8b48' failed
make[1]: *** [cmTC_f8b48] Error 1
make[1]: Leaving directory '/home/krishna/Downloads/final_pkg_ws/build/husky_kinova_bringup/CMakeFiles/CMakeTmp'
Makefile:126: recipe for target 'cmTC_f8b48/fast' failed
make: *** [cmTC_f8b48/fast] Error 2

File /home/krishna/Downloads/final_pkg_ws/build/husky_kinova_bringup/CMakeFiles/CMakeTmp/CheckSymbolExists.c:
/* */
#include <pthread.h>

int main(int argc, char** argv)
{
  (void)argv;
#ifndef pthread_create
  return ((int*)(&pthread_create))[argc];
#else
  (void)argc;
  return 0;
#endif
}

Determining if the function pthread_create exists in the pthreads failed with the following output:
Change Dir: /home/krishna/Downloads/final_pkg_ws/build/husky_kinova_bringup/CMakeFiles/CMakeTmp

Run Build Command:"/usr/bin/make" "cmTC_facdc/fast"
/usr/bin/make -f CMakeFiles/cmTC_facdc.dir/build.make CMakeFiles/cmTC_facdc.dir/build
make[1]: Entering directory '/home/krishna/Downloads/final_pkg_ws/build/husky_kinova_bringup/CMakeFiles/CMakeTmp'
Building C object CMakeFiles/cmTC_facdc.dir/CheckFunctionExists.c.o
/usr/bin/cc   -DCHECK_FUNCTION_EXISTS=pthread_create   -o CMakeFiles/cmTC_facdc.dir/CheckFunctionExists.c.o   -c /usr/share/cmake-3.10/Modules/CheckFunctionExists.c
Linking C executable cmTC_facdc
/usr/bin/cmake -E cmake_link_script CMakeFiles/cmTC_facdc.dir/link.txt --verbose=1
/usr/bin/cc  -DCHECK_FUNCTION_EXISTS=pthread_create    -rdynamic CMakeFiles/cmTC_facdc.dir/CheckFunctionExists.c.o  -o cmTC_facdc -lpthreads 
/usr/bin/ld: cannot find -lpthreads
collect2: error: ld returned 1 exit status
CMakeFiles/cmTC_facdc.dir/build.make:97: recipe for target 'cmTC_facdc' failed
make[1]: *** [cmTC_facdc] Error 1
make[1]: Leaving directory '/home/krishna/Downloads/final_pkg_ws/build/husky_kinova_bringup/CMakeFiles/CMakeTmp'
Makefile:126: recipe for target 'cmTC_facdc/fast' failed
make: *** [cmTC_facdc/fast] Error 2


