Determining if the pthread_create exist failed with the following output:
Change Dir: /home/krishna/Downloads/final_pkg_ws/build/huskyur5gripper_moveit_config/CMakeFiles/CMakeTmp

Run Build Command:"/usr/bin/make" "cmTC_884d7/fast"
/usr/bin/make -f CMakeFiles/cmTC_884d7.dir/build.make CMakeFiles/cmTC_884d7.dir/build
make[1]: Entering directory '/home/krishna/Downloads/final_pkg_ws/build/huskyur5gripper_moveit_config/CMakeFiles/CMakeTmp'
Building C object CMakeFiles/cmTC_884d7.dir/CheckSymbolExists.c.o
/usr/bin/cc    -o CMakeFiles/cmTC_884d7.dir/CheckSymbolExists.c.o   -c /home/krishna/Downloads/final_pkg_ws/build/huskyur5gripper_moveit_config/CMakeFiles/CMakeTmp/CheckSymbolExists.c
Linking C executable cmTC_884d7
/usr/bin/cmake -E cmake_link_script CMakeFiles/cmTC_884d7.dir/link.txt --verbose=1
/usr/bin/cc      -rdynamic CMakeFiles/cmTC_884d7.dir/CheckSymbolExists.c.o  -o cmTC_884d7 
CMakeFiles/cmTC_884d7.dir/CheckSymbolExists.c.o: In function `main':
CheckSymbolExists.c:(.text+0x1b): undefined reference to `pthread_create'
collect2: error: ld returned 1 exit status
CMakeFiles/cmTC_884d7.dir/build.make:97: recipe for target 'cmTC_884d7' failed
make[1]: *** [cmTC_884d7] Error 1
make[1]: Leaving directory '/home/krishna/Downloads/final_pkg_ws/build/huskyur5gripper_moveit_config/CMakeFiles/CMakeTmp'
Makefile:126: recipe for target 'cmTC_884d7/fast' failed
make: *** [cmTC_884d7/fast] Error 2

File /home/krishna/Downloads/final_pkg_ws/build/huskyur5gripper_moveit_config/CMakeFiles/CMakeTmp/CheckSymbolExists.c:
/* */
#include <pthread.h>

int main(int argc, char** argv)
{
  (void)argv;
#ifndef pthread_create
  return ((int*)(&pthread_create))[argc];
#else
  (void)argc;
  return 0;
#endif
}

Determining if the function pthread_create exists in the pthreads failed with the following output:
Change Dir: /home/krishna/Downloads/final_pkg_ws/build/huskyur5gripper_moveit_config/CMakeFiles/CMakeTmp

Run Build Command:"/usr/bin/make" "cmTC_70e74/fast"
/usr/bin/make -f CMakeFiles/cmTC_70e74.dir/build.make CMakeFiles/cmTC_70e74.dir/build
make[1]: Entering directory '/home/krishna/Downloads/final_pkg_ws/build/huskyur5gripper_moveit_config/CMakeFiles/CMakeTmp'
Building C object CMakeFiles/cmTC_70e74.dir/CheckFunctionExists.c.o
/usr/bin/cc   -DCHECK_FUNCTION_EXISTS=pthread_create   -o CMakeFiles/cmTC_70e74.dir/CheckFunctionExists.c.o   -c /usr/share/cmake-3.10/Modules/CheckFunctionExists.c
Linking C executable cmTC_70e74
/usr/bin/cmake -E cmake_link_script CMakeFiles/cmTC_70e74.dir/link.txt --verbose=1
/usr/bin/cc  -DCHECK_FUNCTION_EXISTS=pthread_create    -rdynamic CMakeFiles/cmTC_70e74.dir/CheckFunctionExists.c.o  -o cmTC_70e74 -lpthreads 
/usr/bin/ld: cannot find -lpthreads
collect2: error: ld returned 1 exit status
CMakeFiles/cmTC_70e74.dir/build.make:97: recipe for target 'cmTC_70e74' failed
make[1]: *** [cmTC_70e74] Error 1
make[1]: Leaving directory '/home/krishna/Downloads/final_pkg_ws/build/huskyur5gripper_moveit_config/CMakeFiles/CMakeTmp'
Makefile:126: recipe for target 'cmTC_70e74/fast' failed
make: *** [cmTC_70e74/fast] Error 2


